<?xml version="1.0" encoding="UTF-8"?>
<!-- Generated by org.testng.reporters.JUnitXMLReporter -->
<testsuite hostname="DESKTOP-IVB29SL" ignored="3" name="Test1" tests="1" failures="0" timestamp="24 Mar 2019 03:25:51 GMT" time="4.563" errors="0">
  <testcase name="deleteTest" time="4.505" classname="com.test.Runner"/>
  <testcase name="getTest" time="0.0" classname="com.test.Runner">
    <ignored/>
  </testcase> <!-- getTest -->
  <testcase name="postTest" time="0.0" classname="com.test.Runner">
    <ignored/>
  </testcase> <!-- postTest -->
  <testcase name="putTest" time="0.0" classname="com.test.Runner">
    <ignored/>
  </testcase> <!-- putTest -->
</testsuite> <!-- Test1 -->
