<?xml version="1.0" encoding="UTF-8"?>
<testng-results skipped="0" failed="0" ignored="0" total="1" passed="1">
  <reporter-output>
  </reporter-output>
  <suite name="Default suite" duration-ms="4072" started-at="2019-03-22T12:56:17Z" finished-at="2019-03-22T12:56:21Z">
    <groups>
    </groups>
    <test name="Default test" duration-ms="4072" started-at="2019-03-22T12:56:17Z" finished-at="2019-03-22T12:56:21Z">
      <class name="com.test.Runner">
        <test-method status="PASS" signature="deleteTest()[pri:0, instance:com.test.Runner@28feb3fa]" name="deleteTest" duration-ms="4011" started-at="2019-03-22T12:56:17Z" finished-at="2019-03-22T12:56:21Z">
          <reporter-output>
          </reporter-output>
        </test-method> <!-- deleteTest -->
      </class> <!-- com.test.Runner -->
    </test> <!-- Default test -->
  </suite> <!-- Default suite -->
</testng-results>
