<?xml version="1.0" encoding="UTF-8"?>
<testng-results skipped="0" failed="0" ignored="3" total="4" passed="1">
  <reporter-output>
  </reporter-output>
  <suite name="Suite1" duration-ms="4563" started-at="2019-03-24T03:25:47Z" finished-at="2019-03-24T03:25:51Z">
    <groups>
      <group name="delete">
        <method signature="Runner.deleteTest()[pri:0, instance:com.test.Runner@39aeed2f]" name="deleteTest" class="com.test.Runner"/>
      </group> <!-- delete -->
    </groups>
    <test name="Test1" duration-ms="4563" started-at="2019-03-24T03:25:47Z" finished-at="2019-03-24T03:25:51Z">
      <class name="com.test.Runner">
        <test-method status="PASS" signature="deleteTest()[pri:0, instance:com.test.Runner@39aeed2f]" name="deleteTest" duration-ms="4505" started-at="2019-03-24T03:25:47Z" finished-at="2019-03-24T03:25:51Z">
          <reporter-output>
          </reporter-output>
        </test-method> <!-- deleteTest -->
      </class> <!-- com.test.Runner -->
    </test> <!-- Test1 -->
  </suite> <!-- Suite1 -->
</testng-results>
